Updating from: https://update.dolphin-emu.org/manifest/win/2e/f2/eee2e088c3b87429809fa81b71a75cddbb18.manifest
Updating to:   https://update.dolphin-emu.org/manifest/win/bb/2d/576ecc04b8670916a296e069f1752aabd40f.manifest
Install path:  D:\Smash Bros Legends\Smash-Bros-Legends\Dolphin
Waiting for parent PID 11272 to complete...
Completed! Proceeding with update.
Updating:
  - DSPTool.exe: eb821ad65185fe1d705e512dcafb02fe -> ba39bab379ea0fd7370b14f0dcc91cbf
  - Dolphin.exe: e8b553cc092be5d390ee08dd14de926e -> 35739fd691bb10f73232fdeaabbbd125
  - Updater.exe: 5a1eb381c2ed90386b0b7bca7a244773 -> a3fdda67e49dd9d5514080ec387e2553
Starting download step...
Downloading https://update.dolphin-emu.org/content/ba/39/bab379ea0fd7370b14f0dcc91cbf ...
Downloading https://update.dolphin-emu.org/content/35/73/9fd691bb10f73232fdeaabbbd125 ...
Downloading https://update.dolphin-emu.org/content/a3/fd/da67e49dd9d5514080ec387e2553 ...
Download step completed.
Starting update step...
File DSPTool.exe was already up to date. Partial update?
File Dolphin.exe was already up to date. Partial update?
File Updater.exe was already up to date. Partial update?
Update step completed.
Starting deletion step...
Deletion step completed.
